<html>
<head>
<title>TestNG:  Smoke Testcases</title>
<link href="../testng.css" rel="stylesheet" type="text/css" />
<link href="../my-testng.css" rel="stylesheet" type="text/css" />

<style type="text/css">
.log { display: none;} 
.stack-trace { display: none;} 
</style>
<script type="text/javascript">
<!--
function flip(e) {
  current = e.style.display;
  if (current == 'block') {
    e.style.display = 'none';
    return 0;
  }
  else {
    e.style.display = 'block';
    return 1;
  }
}

function toggleBox(szDivId, elem, msg1, msg2)
{
  var res = -1;  if (document.getElementById) {
    res = flip(document.getElementById(szDivId));
  }
  else if (document.all) {
    // this is the way old msie versions work
    res = flip(document.all[szDivId]);
  }
  if(elem) {
    if(res == 0) elem.innerHTML = msg1; else elem.innerHTML = msg2;
  }

}

function toggleAllBoxes() {
  if (document.getElementsByTagName) {
    d = document.getElementsByTagName('div');
    for (i = 0; i < d.length; i++) {
      if (d[i].className == 'log') {
        flip(d[i]);
      }
    }
  }
}

// -->
</script>

</head>
<body>
<h2 align='center'>Smoke Testcases</h2><table border='1' align="center">
<tr>
<td>Tests passed/Failed/Skipped:</td><td>13/0/1</td>
</tr><tr>
<td>Started on:</td><td>Fri Mar 25 18:52:49 EDT 2016</td>
</tr>
<tr><td>Total time:</td><td>12 seconds (12402 ms)</td>
</tr><tr>
<td>Included groups:</td><td></td>
</tr><tr>
<td>Excluded groups:</td><td></td>
</tr>
</table><p/>
<small><i>(Hover the method name to see the test class name)</i></small><p/>
<table width='100%' border='1' class='invocation-passed'>
<tr><td colspan='4' align='center'><b>PASSED TESTS</b></td></tr>
<tr><td><b>Test method</b></td>
<td width="30%"><b>Exception</b></td>
<td width="10%"><b>Time (seconds)</b></td>
<td><b>Instance</b></td>
</tr>
<tr>
<td title='PageObjectTest.LoginTest.LoginApp()'><b>LoginApp</b><br>Test class: PageObjectTest.LoginTest</td>
<td></td>
<td>6</td>
<td>PageObjectTest.LoginTest@3cb5cdba</td></tr>
<tr>
<td title='DataDriven.Annotations.closingBrowser()'><b>closingBrowser</b><br>Test class: DataDriven.Annotations</td>
<td></td>
<td>0</td>
<td>DataDriven.Annotations@7dc36524</td></tr>
<tr>
<td title='DataDriven.Annotations.flightBooking()'><b>flightBooking</b><br>Test class: DataDriven.Annotations</td>
<td></td>
<td>0</td>
<td>DataDriven.Annotations@7dc36524</td></tr>
<tr>
<td title='DataDriven.ParameterizedTest1.flightBooking()'><b>flightBooking</b><br>Test class: DataDriven.ParameterizedTest1</td>
<td></td>
<td>0</td>
<td>DataDriven.ParameterizedTest1@2c8d66b2</td></tr>
<tr>
<td title='TestNgFiles.DependencyAnnot.flightBooking()'><b>flightBooking</b><br>Test class: TestNgFiles.DependencyAnnot</td>
<td></td>
<td>0</td>
<td>TestNgFiles.DependencyAnnot@5a39699c</td></tr>
<tr>
<td title='DataDriven.Annotations.openingBrowser()'><b>openingBrowser</b><br>Test class: DataDriven.Annotations</td>
<td></td>
<td>0</td>
<td>DataDriven.Annotations@7dc36524</td></tr>
<tr>
<td title='TestNgFiles.DependencyAnnot.openingBrowser()'><b>openingBrowser</b><br>Test class: TestNgFiles.DependencyAnnot</td>
<td></td>
<td>0</td>
<td>TestNgFiles.DependencyAnnot@5a39699c</td></tr>
<tr>
<td title='TestNgFiles.Annotations.testCase1()'><b>testCase1</b><br>Test class: TestNgFiles.Annotations</td>
<td></td>
<td>0</td>
<td>TestNgFiles.Annotations@7d417077</td></tr>
<tr>
<td title='TestNgFiles.Annotations.testCase2()'><b>testCase2</b><br>Test class: TestNgFiles.Annotations</td>
<td></td>
<td>0</td>
<td>TestNgFiles.Annotations@7d417077</td></tr>
<tr>
<td title='DataDriven.DataInput.userIdGeneration()'><b>userIdGeneration</b><br>Test class: DataDriven.DataInput<br>Parameters: abcd, xxxx, 1aaa</td>
<td></td>
<td>0</td>
<td>DataDriven.DataInput@35bbe5e8</td></tr>
<tr>
<td title='DataDriven.DataInput.userIdGeneration()'><b>userIdGeneration</b><br>Test class: DataDriven.DataInput<br>Parameters: abcd, xxxx, 1aaa</td>
<td></td>
<td>0</td>
<td>DataDriven.DataInput@35bbe5e8</td></tr>
<tr>
<td title='DataDriven.DataInput.userIdGeneration()'><b>userIdGeneration</b><br>Test class: DataDriven.DataInput<br>Parameters: abcd, xxxx, 1aaa</td>
<td></td>
<td>0</td>
<td>DataDriven.DataInput@35bbe5e8</td></tr>
<tr>
<td title='PageObjectTest.LoginTest.userLoginApp()'><b>userLoginApp</b><br>Test class: PageObjectTest.LoginTest</td>
<td></td>
<td>5</td>
<td>PageObjectTest.LoginTest@3cb5cdba</td></tr>
</table><p>
<table width='100%' border='1' class='invocation-skipped'>
<tr><td colspan='4' align='center'><b>SKIPPED TESTS</b></td></tr>
<tr><td><b>Test method</b></td>
<td width="30%"><b>Exception</b></td>
<td width="10%"><b>Time (seconds)</b></td>
<td><b>Instance</b></td>
</tr>
<tr>
<td title='DataDriven.ParameterizedTest1.parameterTest()'><b>parameterTest</b><br>Test class: DataDriven.ParameterizedTest1</td>
<td><div><pre>org.testng.TestNGException: 
Parameter &apos;lastName&apos; is required by @Test on method parameterTest but has not been marked @Optional or defined
in D:\DataLocation\Developer\Selenium\MavenFramework\testng.xml
... Removed 22 stack frames</pre></div><a href='#' onClick='toggleBox("stack-trace1852777344", this, "Click to show all stack frames", "Click to hide stack frames")'>Click to show all stack frames</a>
<div class='stack-trace' id='stack-trace1852777344'><pre>org.testng.TestNGException: 
Parameter &apos;lastName&apos; is required by @Test on method parameterTest but has not been marked @Optional or defined
in D:\DataLocation\Developer\Selenium\MavenFramework\testng.xml
	at org.testng.internal.Parameters.createParameters(Parameters.java:154)
	at org.testng.internal.Parameters.createParameters(Parameters.java:361)
	at org.testng.internal.Parameters.handleParameters(Parameters.java:451)
	at org.testng.internal.Invoker.handleParameters(Invoker.java:1276)
	at org.testng.internal.Invoker.createParameters(Invoker.java:991)
	at org.testng.internal.Invoker.invokeTestMethods(Invoker.java:1081)
	at org.testng.internal.TestMethodWorker.invokeTestMethods(TestMethodWorker.java:129)
	at org.testng.internal.TestMethodWorker.run(TestMethodWorker.java:112)
	at org.testng.TestRunner.privateRun(TestRunner.java:782)
	at org.testng.TestRunner.run(TestRunner.java:632)
	at org.testng.SuiteRunner.runTest(SuiteRunner.java:366)
	at org.testng.SuiteRunner.runSequentially(SuiteRunner.java:361)
	at org.testng.SuiteRunner.privateRun(SuiteRunner.java:319)
	at org.testng.SuiteRunner.run(SuiteRunner.java:268)
	at org.testng.SuiteRunnerWorker.runSuite(SuiteRunnerWorker.java:52)
	at org.testng.SuiteRunnerWorker.run(SuiteRunnerWorker.java:86)
	at org.testng.TestNG.runSuitesSequentially(TestNG.java:1244)
	at org.testng.TestNG.runSuitesLocally(TestNG.java:1169)
	at org.testng.TestNG.run(TestNG.java:1064)
	at org.testng.remote.RemoteTestNG.run(RemoteTestNG.java:113)
	at org.testng.remote.RemoteTestNG.initAndRun(RemoteTestNG.java:206)
	at org.testng.remote.RemoteTestNG.main(RemoteTestNG.java:177)
</pre></div></td>
<td>0</td>
<td>DataDriven.ParameterizedTest1@2c8d66b2</td></tr>
</table><p>
</body>
</html>